2020-08-03 02:56:19,832 [INFO ]  Fetching Bitskins market data
2020-08-03 02:56:22,551 [INFO ]  Fetching Waxpeer market data
2020-08-03 02:56:23,217 [INFO ]  Fetching General Steam Community market data
2020-08-03 02:56:23,648 [INFO ]  Combined data writing to SQL: ["'The Doctor' Romanov | Sabre", '5.43', 0, '2810', '3.62', 285.0, 1596440594.0, 3.491, '93']
2020-08-03 02:56:23,665 [INFO ]  Combined data writing to SQL: ["'Two Times' McCoy | USAF TACP", '1.50', '613', '3894', '1.05', 170.0, 1596440594.0, 0.888, '9']
2020-08-03 02:56:23,682 [INFO ]  Combined data writing to SQL: ['3rd Commando Company | KSK', '2.90', 0, '2614', '1.83', 294.0, 1596440598.0, 1.859, '52']
2020-08-03 02:56:23,699 [INFO ]  Combined data writing to SQL: ['AK-47 | Aquamarine Revenge (Battle-Scarred)', '19.37', 0, '175', '12.55', 28.0, 1596441144.0, 14.724, '18']
2020-08-03 02:56:23,717 [INFO ]  Combined data writing to SQL: ['AK-47 | Aquamarine Revenge (Factory New)', '70.97', 0, '44', '42.53', 19.0, 1596441144.0, 51.408, '14']
2020-08-03 02:56:23,734 [INFO ]  Combined data writing to SQL: ['AK-47 | Aquamarine Revenge (Field-Tested)', '29.56', 0, '350', '18.14', 83.0, 1596438415.0, 21.249, '80']
2020-08-03 02:56:23,751 [INFO ]  Combined data writing to SQL: ['AK-47 | Aquamarine Revenge (Minimal Wear)', '45.26', 0, '125', '30.52', 36.0, 1596415532.0, 32.329, '69']
2020-08-03 02:56:23,767 [INFO ]  Combined data writing to SQL: ['AK-47 | Aquamarine Revenge (Well-Worn)', '23.55', '50', '300', '13.79', 58.0, 1596439776.0, 16.739, '32']
2020-08-03 02:56:23,784 [INFO ]  Combined data writing to SQL: ['AK-47 | Asiimov (Battle-Scarred)', '27.05', '39', '290', '17.86', 62.0, 1596440598.0, 20.748, '8']
2020-08-03 02:56:23,801 [INFO ]  Combined data writing to SQL: ['AK-47 | Asiimov (Factory New)', '164.60', '2', '16', '105.00', 17.0, 1596411178.0, 135.999, '5']
2020-08-03 02:56:23,818 [INFO ]  Combined data writing to SQL: ['AK-47 | Asiimov (Field-Tested)', '34.00', '182', '1229', '21.70', 388.0, 1596440871.0, 24.745, '120']
2020-08-03 02:56:23,834 [INFO ]  Combined data writing to SQL: ['AK-47 | Asiimov (Minimal Wear)', '54.25', '90', '414', '35.52', 157.0, 1596436762.0, 39.603, '29']
2020-08-03 02:56:23,851 [INFO ]  Combined data writing to SQL: ['AK-47 | Asiimov (Well-Worn)', '37.10', '8', '97', '24.02', 19.0, 1596395338.0, 27.693, '10']
2020-08-03 02:56:23,867 [INFO ]  Combined data writing to SQL: ['AK-47 | Baroque Purple (Battle-Scarred)', '1.42', 0, '779', '0.93', 29.0, 1596431361.0, 1.228, '4']
2020-08-03 02:56:23,883 [INFO ]  Combined data writing to SQL: ['AK-47 | Baroque Purple (Factory New)', '8.48', '27', '170', '5.15', 44.0, 1596436034.0, 6.558, '2']
2020-08-03 02:56:23,900 [INFO ]  Combined data writing to SQL: ['AK-47 | Baroque Purple (Field-Tested)', '1.61', 0, '2265', '1.04', 144.0, 1596433579.0, 1.123, '53']
2020-08-03 02:56:23,917 [INFO ]  Combined data writing to SQL: ['AK-47 | Baroque Purple (Minimal Wear)', '2.56', '165', '995', '1.78', 88.0, 1596439776.0, 1.915, '22']
2020-08-03 02:56:23,934 [INFO ]  Combined data writing to SQL: ['AK-47 | Baroque Purple (Well-Worn)', '1.45', '209', '1494', '0.89', 32.0, 1596407655.0, 1.143, '16']
2020-08-03 02:56:23,950 [INFO ]  Combined data writing to SQL: ['AK-47 | Black Laminate (Battle-Scarred)', '28.35', 0, '16', '16.89', 8.0, 1596271416.0, None, None]
